<?xml version="1.0" encoding="UTF-8"?>
<!-- Generated by org.testng.reporters.JUnitReportReporter -->
<testsuite hostname="Loki" failures="0" tests="2" name="org.appi.Calculator" time="0.059" errors="0" timestamp="2023-10-29T19:23:00 IST" skipped="0">
  <testcase classname="org.appi.Calculator" name="tc1" time="0.055"/>
  <testcase classname="org.appi.Calculator" name="tc2" time="0.004"/>
</testsuite> <!-- org.appi.Calculator -->
